[2025-12-24T05:07:23.337Z] === AutoUpdate VX v1.0 ===
[2025-12-24T05:07:23.343Z] Univers info : C:\CosmoCodeUniverse
[2025-12-24T05:07:23.344Z] Module SafeMode_UltraFast_VX : local=1.0.0, remote=1.0.0
[2025-12-24T05:07:23.345Z] Module SafeMode_Debug_VX : local=1.0.0, remote=1.0.0
[2025-12-24T05:07:23.345Z] Module SafeMode_Watchdog_VX : local=1.0.0, remote=1.0.0
[2025-12-24T05:07:23.346Z] Module NexusInspector_VX : local=1.0.0, remote=1.0.0
[2025-12-24T05:07:23.346Z] Module MetaStabilizer_VX : local=1.0.0, remote=1.0.0
[2025-12-24T05:07:23.347Z] Module SelfRepair_VX : local=1.0.0, remote=1.0.0
[2025-12-24T05:07:23.348Z] Module AutoUpdate_VX : local=1.0.0, remote=1.0.0
[2025-12-24T05:07:23.349Z] Module KernelResilience_VX : local=1.0.0, remote=1.0.0
[2025-12-24T05:07:23.350Z] Module CosmoOrchestrator_VX : local=1.0.0, remote=1.0.0
[2025-12-24T05:07:23.350Z] Tous les modules VX sont à jour.
[2025-12-24T05:07:23.351Z] AutoUpdate VX v1.0 terminé (non destructif).
[2025-12-24T05:15:39.754Z] === AutoUpdate VX v1.0 ===
[2025-12-24T05:15:39.760Z] Univers info : C:\CosmoCodeUniverse
[2025-12-24T05:15:39.761Z] Module SafeMode_UltraFast_VX : local=1.0.0, remote=1.0.0
[2025-12-24T05:15:39.762Z] Module SafeMode_Debug_VX : local=1.0.0, remote=1.0.0
[2025-12-24T05:15:39.763Z] Module SafeMode_Watchdog_VX : local=1.0.0, remote=1.0.0
[2025-12-24T05:15:39.763Z] Module NexusInspector_VX : local=1.0.0, remote=1.0.0
[2025-12-24T05:15:39.764Z] Module MetaStabilizer_VX : local=1.0.0, remote=1.0.0
[2025-12-24T05:15:39.764Z] Module SelfRepair_VX : local=1.0.0, remote=1.0.0
[2025-12-24T05:15:39.765Z] Module AutoUpdate_VX : local=1.0.0, remote=1.0.0
[2025-12-24T05:15:39.766Z] Module KernelResilience_VX : local=1.0.0, remote=1.0.0
[2025-12-24T05:15:39.766Z] Module CosmoOrchestrator_VX : local=1.0.0, remote=1.0.0
[2025-12-24T05:15:39.767Z] Tous les modules VX sont à jour.
[2025-12-24T05:15:39.768Z] AutoUpdate VX v1.0 terminé (non destructif).
