[2025-12-24T02:02:01.945Z] === COSMOTOOLS LAUNCHER VX STARTED ===
[2025-12-24T02:02:01.952Z] --- Running SafeMode VX ---
[2025-12-24T02:02:01.952Z] Command: SafeMode.exe --path=C:\CosmoCodeUniverse --mode=ultra
[2025-12-24T02:03:00.973Z] === COSMOTOOLS LAUNCHER VX STARTED ===
[2025-12-24T02:03:00.979Z] --- Running SafeMode VX ---
[2025-12-24T02:03:00.980Z] Command: SafeMode.exe --path=C:\CosmoCodeUniverse --mode=fast
[2025-12-24T02:03:47.640Z] === COSMOTOOLS LAUNCHER VX STARTED ===
[2025-12-24T02:03:47.647Z] --- Running SafeMode VX ---
[2025-12-24T02:03:47.648Z] Command: SafeMode.exe --path=C:\CosmoCodeUniverse --mode=deep
[2025-12-24T02:04:15.326Z] === COSMOTOOLS LAUNCHER VX STARTED ===
[2025-12-24T02:04:15.332Z] --- Running SafeMode VX ---
[2025-12-24T02:04:15.333Z] Command: SafeMode.exe --path=C:\CosmoCodeUniverse --mode=deep
[2025-12-24T02:04:57.825Z] === COSMOTOOLS LAUNCHER VX STARTED ===
[2025-12-24T02:04:57.831Z] --- Running SafeMode VX ---
[2025-12-24T02:04:57.832Z] Command: SafeMode.exe --path=C:\CosmoCodeUniverse --mode=fast
[2025-12-24T02:10:30.353Z] === COSMOTOOLS LAUNCHER VX STARTED ===
[2025-12-24T02:10:30.360Z] --- Running SafeMode VX ---
[2025-12-24T02:10:30.360Z] Command: SafeMode.exe --path=C:\CosmoCodeUniverse --mode=ultra
[2025-12-24T02:50:11.115Z] === COSMOTOOLS LAUNCHER VX STARTED ===
[2025-12-24T02:50:11.122Z] --- Running SafeMode VX ---
[2025-12-24T02:50:11.122Z] Command: SafeMode.exe --path=C:\CosmoCodeUniverse --mode=ultra
[2025-12-24T04:20:11.501Z] === COSMOTOOLS LAUNCHER VX STARTED ===
[2025-12-24T04:20:11.508Z] Error: SafeMode.exe not found in current directory.
[2025-12-24T04:21:28.530Z] === COSMOTOOLS LAUNCHER VX STARTED ===
[2025-12-24T04:21:28.536Z] Error: SafeMode.exe not found in current directory.
[2025-12-24T04:21:30.358Z] === COSMOTOOLS LAUNCHER VX STARTED ===
[2025-12-24T04:21:30.364Z] Error: SafeMode.exe not found in current directory.
[2025-12-24T04:21:35.208Z] === COSMOTOOLS LAUNCHER VX STARTED ===
[2025-12-24T04:21:35.215Z] Error: SafeMode.exe not found in current directory.
[2025-12-24T04:49:25.806Z] === COSMOTOOLS LAUNCHER VX STARTED ===
[2025-12-24T04:49:25.813Z] Error: SafeMode.exe not found in current directory.
