[2025-12-24T04:49:32.837Z] === KernelResilience VX v0.1 ===
[2025-12-24T04:49:32.843Z] Phase : start
[2025-12-24T04:49:32.844Z] KernelResilience VX v0.1 terminé (squelette).
[2025-12-24T04:49:47.125Z] === KernelResilience VX v0.1 ===
[2025-12-24T04:49:47.130Z] Phase : error_autoupdate
[2025-12-24T04:49:47.131Z] KernelResilience VX v0.1 terminé (squelette).
[2025-12-24T04:49:55.712Z] === KernelResilience VX v0.1 ===
[2025-12-24T04:49:55.717Z] Phase : start
[2025-12-24T04:49:55.718Z] KernelResilience VX v0.1 terminé (squelette).
[2025-12-24T04:50:03.432Z] === KernelResilience VX v0.1 ===
[2025-12-24T04:50:03.438Z] Phase : error_autoupdate
[2025-12-24T04:50:03.439Z] KernelResilience VX v0.1 terminé (squelette).
[2025-12-24T05:05:39.298Z] === KernelResilience VX v1.0 ===
[2025-12-24T05:05:39.303Z] Phase : start
[2025-12-24T05:05:39.304Z] Entrée ajoutée dans kernel_history.json
[2025-12-24T05:05:39.304Z] KernelResilience VX v1.0 terminé.
[2025-12-24T05:07:23.427Z] === KernelResilience VX v1.0 ===
[2025-12-24T05:07:23.432Z] Phase : finish
[2025-12-24T05:07:23.433Z] Entrée ajoutée dans kernel_history.json
[2025-12-24T05:07:23.433Z] KernelResilience VX v1.0 terminé.
[2025-12-24T05:10:32.716Z] === KernelResilience VX v1.0 ===
[2025-12-24T05:10:32.721Z] Phase : start
[2025-12-24T05:10:32.722Z] Entrée ajoutée dans kernel_history.json
[2025-12-24T05:10:32.723Z] KernelResilience VX v1.0 terminé.
[2025-12-24T05:15:39.848Z] === KernelResilience VX v1.0 ===
[2025-12-24T05:15:39.854Z] Phase : finish
[2025-12-24T05:15:39.855Z] Entrée ajoutée dans kernel_history.json
[2025-12-24T05:15:39.855Z] KernelResilience VX v1.0 terminé.
