[2025-12-24T04:49:44.853Z] === MetaStabilizer VX v0.1 ===
[2025-12-24T04:49:44.859Z] Dossier cible : C:\CosmoCodeUniverse
[2025-12-24T04:49:44.860Z] Nexus log détecté : C:\CosmoTools\SafeMode\logs\nexusinspector_vx.log
[2025-12-24T04:49:44.861Z] SafeMode Ultra log détecté : C:\CosmoTools\SafeMode\logs\safemode_ultra.log
[2025-12-24T04:49:44.862Z] MetaStabilizer VX v0.1 terminé (squelette OK).
[2025-12-24T04:50:03.182Z] === MetaStabilizer VX v0.1 ===
[2025-12-24T04:50:03.187Z] Dossier cible : C:\CosmoCodeUniverse
[2025-12-24T04:50:03.188Z] Nexus log détecté : C:\CosmoTools\SafeMode\logs\nexusinspector_vx.log
[2025-12-24T04:50:03.190Z] SafeMode Ultra log détecté : C:\CosmoTools\SafeMode\logs\safemode_ultra.log
[2025-12-24T04:50:03.190Z] MetaStabilizer VX v0.1 terminé (squelette OK).
[2025-12-24T05:06:10.405Z] === MetaStabilizer VX v1.0 ===
[2025-12-24T05:06:10.411Z] Dossier cible : C:\CosmoCodeUniverse
[2025-12-24T05:06:10.420Z] Rapport Meta généré : C:\CosmoTools\SafeMode\logs\meta_report.json
[2025-12-24T05:06:10.421Z] Score de stabilité : 0/100
[2025-12-24T05:06:10.421Z] MetaStabilizer VX v1.0 terminé.
[2025-12-24T05:10:59.833Z] === MetaStabilizer VX v1.0 ===
[2025-12-24T05:10:59.838Z] Dossier cible : C:\CosmoCodeUniverse
[2025-12-24T05:10:59.847Z] Rapport Meta généré : C:\CosmoTools\SafeMode\logs\meta_report.json
[2025-12-24T05:10:59.847Z] Score de stabilité : 0/100
[2025-12-24T05:10:59.848Z] MetaStabilizer VX v1.0 terminé.
