[2025-12-24T04:49:31.715Z] === CosmoOrchestrator VX v1.0 ===
[2025-12-24T04:49:31.722Z] Dossier cible : C:\CosmoCodeUniverse
[2025-12-24T04:49:31.722Z] → [kernel-start] Lancement : KernelResilience_VX.exe --phase=start
[2025-12-24T04:49:32.853Z] ← [kernel-start] Fin : KernelResilience_VX.exe (code=0)
[2025-12-24T04:49:32.854Z] → [safemode] Lancement : SafeMode_Watchdog_VX.exe --path=C:\CosmoCodeUniverse --mode=ultra
[2025-12-24T04:49:42.693Z] ← [safemode] Fin : SafeMode_Watchdog_VX.exe (code=0)
[2025-12-24T04:49:42.694Z] → [nexus] Lancement : NexusInspector_VX.exe --path=C:\CosmoCodeUniverse
[2025-12-24T04:49:43.774Z] ← [nexus] Fin : NexusInspector_VX.exe (code=0)
[2025-12-24T04:49:43.775Z] → [meta] Lancement : MetaStabilizer_VX.exe --path=C:\CosmoCodeUniverse
[2025-12-24T04:49:44.868Z] ← [meta] Fin : MetaStabilizer_VX.exe (code=0)
[2025-12-24T04:49:44.869Z] → [selfrepair] Lancement : SelfRepair_VX.exe --path=C:\CosmoCodeUniverse --mode=simulate
[2025-12-24T04:49:45.963Z] ← [selfrepair] Fin : SelfRepair_VX.exe (code=0)
[2025-12-24T04:49:45.964Z] → [autoupdate] Lancement : AutoUpdate_VX.exe --path=C:\CosmoCodeUniverse
[2025-12-24T04:49:47.054Z] ← [autoupdate] Fin : AutoUpdate_VX.exe (code=1)
[2025-12-24T04:49:47.055Z] ❌ AutoUpdate VX a échoué. Arrêt du pipeline.
[2025-12-24T04:49:47.056Z] → [kernel-error] Lancement : KernelResilience_VX.exe --phase=error_autoupdate
[2025-12-24T04:49:47.138Z] ← [kernel-error] Fin : KernelResilience_VX.exe (code=0)
[2025-12-24T04:49:55.636Z] === CosmoOrchestrator VX v1.0 ===
[2025-12-24T04:49:55.642Z] Dossier cible : C:\CosmoCodeUniverse
[2025-12-24T04:49:55.642Z] → [kernel-start] Lancement : KernelResilience_VX.exe --phase=start
[2025-12-24T04:49:55.725Z] ← [kernel-start] Fin : KernelResilience_VX.exe (code=0)
[2025-12-24T04:49:55.726Z] → [safemode] Lancement : SafeMode_Watchdog_VX.exe --path=C:\CosmoCodeUniverse --mode=ultra
[2025-12-24T04:50:03.031Z] ← [safemode] Fin : SafeMode_Watchdog_VX.exe (code=0)
[2025-12-24T04:50:03.032Z] → [nexus] Lancement : NexusInspector_VX.exe --path=C:\CosmoCodeUniverse
[2025-12-24T04:50:03.113Z] ← [nexus] Fin : NexusInspector_VX.exe (code=0)
[2025-12-24T04:50:03.114Z] → [meta] Lancement : MetaStabilizer_VX.exe --path=C:\CosmoCodeUniverse
[2025-12-24T04:50:03.197Z] ← [meta] Fin : MetaStabilizer_VX.exe (code=0)
[2025-12-24T04:50:03.198Z] → [selfrepair] Lancement : SelfRepair_VX.exe --path=C:\CosmoCodeUniverse --mode=simulate
[2025-12-24T04:50:03.280Z] ← [selfrepair] Fin : SelfRepair_VX.exe (code=0)
[2025-12-24T04:50:03.281Z] → [autoupdate] Lancement : AutoUpdate_VX.exe --path=C:\CosmoCodeUniverse
[2025-12-24T04:50:03.361Z] ← [autoupdate] Fin : AutoUpdate_VX.exe (code=1)
[2025-12-24T04:50:03.361Z] ❌ AutoUpdate VX a échoué. Arrêt du pipeline.
[2025-12-24T04:50:03.362Z] → [kernel-error] Lancement : KernelResilience_VX.exe --phase=error_autoupdate
[2025-12-24T04:50:03.446Z] ← [kernel-error] Fin : KernelResilience_VX.exe (code=0)
[2025-12-24T05:05:38.172Z] === CosmoOrchestrator VX v1.0 ===
[2025-12-24T05:05:38.178Z] Dossier cible : C:\CosmoCodeUniverse
[2025-12-24T05:05:38.178Z] Mode de réparation : simulate
[2025-12-24T05:05:38.179Z] → [kernel-start] Lancement : KernelResilience_VX.exe --phase=start
[2025-12-24T05:05:39.311Z] ← [kernel-start] Fin : KernelResilience_VX.exe (code=0)
[2025-12-24T05:05:39.312Z] → [safemode] Lancement : SafeMode_Watchdog_VX.exe --path=C:\CosmoCodeUniverse --mode=ultra
[2025-12-24T05:05:46.367Z] ← [safemode] Fin : SafeMode_Watchdog_VX.exe (code=0)
[2025-12-24T05:05:46.368Z] → [nexus] Lancement : NexusInspector_VX.exe --path=C:\CosmoCodeUniverse
[2025-12-24T05:06:09.291Z] ← [nexus] Fin : NexusInspector_VX.exe (code=0)
[2025-12-24T05:06:09.293Z] → [meta] Lancement : MetaStabilizer_VX.exe --path=C:\CosmoCodeUniverse
[2025-12-24T05:06:10.429Z] ← [meta] Fin : MetaStabilizer_VX.exe (code=0)
[2025-12-24T05:06:10.430Z] → [selfrepair] Lancement : SelfRepair_VX.exe --path=C:\CosmoCodeUniverse --mode=simulate
[2025-12-24T05:07:22.221Z] ← [selfrepair] Fin : SelfRepair_VX.exe (code=0)
[2025-12-24T05:07:22.222Z] → [autoupdate] Lancement : AutoUpdate_VX.exe --path=C:\CosmoCodeUniverse
[2025-12-24T05:07:23.357Z] ← [autoupdate] Fin : AutoUpdate_VX.exe (code=0)
[2025-12-24T05:07:23.358Z] → [kernel-finish] Lancement : KernelResilience_VX.exe --phase=finish
[2025-12-24T05:07:23.440Z] ← [kernel-finish] Fin : KernelResilience_VX.exe (code=0)
[2025-12-24T05:07:23.441Z] === Pipeline VX v1.0 terminé ===
[2025-12-24T05:10:32.637Z] === CosmoOrchestrator VX v1.0 ===
[2025-12-24T05:10:32.643Z] Dossier cible : C:\CosmoCodeUniverse
[2025-12-24T05:10:32.643Z] Mode de réparation : apply
[2025-12-24T05:10:32.644Z] → [kernel-start] Lancement : KernelResilience_VX.exe --phase=start
[2025-12-24T05:10:32.730Z] ← [kernel-start] Fin : KernelResilience_VX.exe (code=0)
[2025-12-24T05:10:32.731Z] → [safemode] Lancement : SafeMode_Watchdog_VX.exe --path=C:\CosmoCodeUniverse --mode=ultra
[2025-12-24T05:10:39.967Z] ← [safemode] Fin : SafeMode_Watchdog_VX.exe (code=0)
[2025-12-24T05:10:39.968Z] → [nexus] Lancement : NexusInspector_VX.exe --path=C:\CosmoCodeUniverse
[2025-12-24T05:10:59.765Z] ← [nexus] Fin : NexusInspector_VX.exe (code=0)
[2025-12-24T05:10:59.766Z] → [meta] Lancement : MetaStabilizer_VX.exe --path=C:\CosmoCodeUniverse
[2025-12-24T05:10:59.855Z] ← [meta] Fin : MetaStabilizer_VX.exe (code=0)
[2025-12-24T05:10:59.856Z] → [selfrepair] Lancement : SelfRepair_VX.exe --path=C:\CosmoCodeUniverse --mode=apply
[2025-12-24T05:15:39.684Z] ← [selfrepair] Fin : SelfRepair_VX.exe (code=0)
[2025-12-24T05:15:39.685Z] → [autoupdate] Lancement : AutoUpdate_VX.exe --path=C:\CosmoCodeUniverse
[2025-12-24T05:15:39.777Z] ← [autoupdate] Fin : AutoUpdate_VX.exe (code=0)
[2025-12-24T05:15:39.778Z] → [kernel-finish] Lancement : KernelResilience_VX.exe --phase=finish
[2025-12-24T05:15:39.862Z] ← [kernel-finish] Fin : KernelResilience_VX.exe (code=0)
[2025-12-24T05:15:39.862Z] === Pipeline VX v1.0 terminé ===
