[2025-12-24T01:21:28.621Z] === COSMOCODE SAFE MODE STARTED ===
[2025-12-24T01:21:28.627Z] Target path: C:\CosmoTools\SafeMode
[2025-12-24T01:21:28.631Z] === SAFE MODE COMPLETED ===
[2025-12-24T01:21:28.632Z] Status: unstable
[2025-12-24T01:30:46.827Z] === COSMOCODE SAFE MODE STARTED ===
[2025-12-24T01:30:46.832Z] Target path: C:\CosmoCodeUniverse
[2025-12-24T01:32:24.525Z] === COSMOCODE SAFE MODE STARTED ===
[2025-12-24T01:32:24.530Z] Target path: C:\CosmoCodeUniverse
[2025-12-24T01:39:23.299Z] === COSMOCODE SAFE MODE STARTED ===
[2025-12-24T01:39:23.305Z] Target path: C:\CosmoCodeUniverse
[2025-12-24T01:47:19.041Z] === COSMOCODE SAFE MODE VX STARTED ===
[2025-12-24T01:47:19.046Z] Target path: C:\CosmoCodeUniverse
[2025-12-24T01:47:19.047Z] Mode: fast
[2025-12-24T02:02:03.090Z] === COSMOCODE SAFE MODE VX STARTED ===
[2025-12-24T02:02:03.096Z] Target path: C:\CosmoCodeUniverse
[2025-12-24T02:02:03.097Z] Mode: ultra
[2025-12-24T02:03:01.074Z] === COSMOCODE SAFE MODE VX STARTED ===
[2025-12-24T02:03:01.083Z] Target path: C:\CosmoCodeUniverse
[2025-12-24T02:03:01.084Z] Mode: fast
[2025-12-24T02:03:47.723Z] === COSMOCODE SAFE MODE VX STARTED ===
[2025-12-24T02:03:47.728Z] Target path: C:\CosmoCodeUniverse
[2025-12-24T02:03:47.728Z] Mode: deep
[2025-12-24T02:04:15.404Z] === COSMOCODE SAFE MODE VX STARTED ===
[2025-12-24T02:04:15.410Z] Target path: C:\CosmoCodeUniverse
[2025-12-24T02:04:15.411Z] Mode: deep
[2025-12-24T02:04:57.905Z] === COSMOCODE SAFE MODE VX STARTED ===
[2025-12-24T02:04:57.910Z] Target path: C:\CosmoCodeUniverse
[2025-12-24T02:04:57.911Z] Mode: fast
[2025-12-24T02:10:31.572Z] === COSMOCODE SAFE MODE VX STARTED ===
[2025-12-24T02:10:31.578Z] Target path: C:\CosmoCodeUniverse
[2025-12-24T02:10:31.579Z] Mode: ultra
[2025-12-24T02:50:11.198Z] === COSMOCODE SAFE MODE VX STARTED ===
[2025-12-24T02:50:11.203Z] Target path: C:\CosmoCodeUniverse
[2025-12-24T02:50:11.203Z] Mode: ultra
