WATCHDOG_START|mode=ultra|target=C:\CosmoCodeUniverse
SAFE_STDOUT|[2025-12-24 05:49:35] === SAFEMODE ULTRA-FAST VX STARTED ===
SAFE_STDOUT|[2025-12-24 05:49:35] Target: C:\CosmoCodeUniverse
SAFE_STDOUT|[2025-12-24 05:49:42] Scan terminé. Files=17125, Large=226, SkippedDirs=5371
SAFE_EXIT|code=0|signal=null
WATCHDOG_START|mode=ultra|target=C:\CosmoCodeUniverse
SAFE_STDOUT|[2025-12-24 05:49:55] === SAFEMODE ULTRA-FAST VX STARTED ===
SAFE_STDOUT|[2025-12-24 05:49:55] Target: C:\CosmoCodeUniverse
SAFE_STDOUT|[2025-12-24 05:50:03] Scan terminé. Files=17125, Large=226, SkippedDirs=5371
SAFE_EXIT|code=0|signal=null
WATCHDOG_START|mode=ultra|target=C:\CosmoCodeUniverse
SAFE_STDOUT|[2025-12-24 06:05:39] === SAFEMODE ULTRA-FAST VX STARTED ===
SAFE_STDOUT|[2025-12-24 06:05:39] Target: C:\CosmoCodeUniverse
SAFE_STDOUT|[2025-12-24 06:05:46] Scan terminé. Files=17125, Large=226, SkippedDirs=5371
SAFE_EXIT|code=0|signal=null
WATCHDOG_START|mode=ultra|target=C:\CosmoCodeUniverse
SAFE_STDOUT|[2025-12-24 06:10:32] === SAFEMODE ULTRA-FAST VX STARTED ===
SAFE_STDOUT|[2025-12-24 06:10:32] Target: C:\CosmoCodeUniverse
SAFE_STDOUT|[2025-12-24 06:10:39] Scan terminé. Files=17125, Large=226, SkippedDirs=5371
SAFE_EXIT|code=0|signal=null
